Vivado Simulator 2019.2
Time resolution is 1 ps
 Block Memory Generator module loading initial data...
 Block Memory Generator data initialization complete.
Block Memory Generator module tb_top.cache_top.cache.genblk1[0].tag_ram_i.inst.native_mem_module.blk_mem_gen_v8_4_4_inst is using a behavioral model for simulation which will not precisely model memory collision behavior.
 Block Memory Generator module loading initial data...
 Block Memory Generator data initialization complete.
Block Memory Generator module tb_top.cache_top.cache.genblk1[1].tag_ram_i.inst.native_mem_module.blk_mem_gen_v8_4_4_inst is using a behavioral model for simulation which will not precisely model memory collision behavior.
Block Memory Generator module tb_top.cache_top.cache.genblk2[0].data_bank_ram_i.inst.native_mem_module.blk_mem_gen_v8_4_4_inst is using a behavioral model for simulation which will not precisely model memory collision behavior.
Block Memory Generator module tb_top.cache_top.cache.genblk2[1].data_bank_ram_i.inst.native_mem_module.blk_mem_gen_v8_4_4_inst is using a behavioral model for simulation which will not precisely model memory collision behavior.
Block Memory Generator module tb_top.cache_top.cache.genblk2[2].data_bank_ram_i.inst.native_mem_module.blk_mem_gen_v8_4_4_inst is using a behavioral model for simulation which will not precisely model memory collision behavior.
Block Memory Generator module tb_top.cache_top.cache.genblk2[3].data_bank_ram_i.inst.native_mem_module.blk_mem_gen_v8_4_4_inst is using a behavioral model for simulation which will not precisely model memory collision behavior.
Block Memory Generator module tb_top.cache_top.cache.genblk3[0].data_bank_ram_i.inst.native_mem_module.blk_mem_gen_v8_4_4_inst is using a behavioral model for simulation which will not precisely model memory collision behavior.
Block Memory Generator module tb_top.cache_top.cache.genblk3[1].data_bank_ram_i.inst.native_mem_module.blk_mem_gen_v8_4_4_inst is using a behavioral model for simulation which will not precisely model memory collision behavior.
Block Memory Generator module tb_top.cache_top.cache.genblk3[2].data_bank_ram_i.inst.native_mem_module.blk_mem_gen_v8_4_4_inst is using a behavioral model for simulation which will not precisely model memory collision behavior.
Block Memory Generator module tb_top.cache_top.cache.genblk3[3].data_bank_ram_i.inst.native_mem_module.blk_mem_gen_v8_4_4_inst is using a behavioral model for simulation which will not precisely model memory collision behavior.
index 00 finished
index 01 finished
index 02 finished
index 04 finished
index 06 finished
index 08 finished
index 0a finished
index 0c finished
index 0e finished
index 10 finished
index 12 finished
index 14 finished
index 16 finished
index 18 finished
index 1a finished
index 1c finished
index 1e finished
index 20 finished
index 22 finished
index 24 finished
index 26 finished
index 28 finished
index 2a finished
index 2c finished
index 2e finished
index 30 finished
index 32 finished
index 34 finished
index 36 finished
index 38 finished
index 3a finished
index 3c finished
index 3e finished
index 40 finished
index 42 finished
index 44 finished
index 46 finished
index 48 finished
index 4a finished
index 4c finished
index 4e finished
index 50 finished
index 52 finished
index 54 finished
index 56 finished
index 58 finished
index 5a finished
index 5c finished
index 5e finished
index 60 finished
index 62 finished
index 64 finished
index 66 finished
index 68 finished
index 6a finished
index 6c finished
index 6e finished
index 70 finished
index 72 finished
index 74 finished
index 76 finished
index 78 finished
index 7a finished
index 7c finished
index 7e finished
index 80 finished
index 82 finished
index 84 finished
index 86 finished
index 88 finished
index 8a finished
index 8c finished
index 8e finished
index 90 finished
index 92 finished
index 94 finished
index 96 finished
index 98 finished
index 9a finished
index 9c finished
index 9e finished
index a0 finished
index a2 finished
index a4 finished
index a6 finished
index a8 finished
index aa finis